<?xml version="1.0" encoding="UTF-8"?>
<!-- Generated by org.testng.reporters.JUnitReportReporter -->
<testsuite skipped="0" hostname="priya.bajwa" name="com.javatpoint.rest.HelloTest" tests="2" failures="0" timestamp="15 Feb 2019 07:05:32 GMT" time="0.234" errors="0">
  <testcase name="Testsignup" time="0.025" classname="com.javatpoint.rest.HelloTest"/>
  <testcase name="TestLogin" time="0.209" classname="com.javatpoint.rest.HelloTest"/>
</testsuite> <!-- com.javatpoint.rest.HelloTest -->
